<?xml version="1.0" encoding="UTF-8"?>
<coverage generated="1668867590453" clover="3.2.0">
  <project timestamp="1668867590453" name="All files">
    <metrics statements="61" coveredstatements="45" conditionals="30" coveredconditionals="27" methods="9" coveredmethods="3" elements="100" coveredelements="75" complexity="0" loc="61" ncloc="61" packages="1" files="1" classes="1"/>
    <file name="script.js" path="/Users/zsuzsannagyori/Desktop/assessment-Zsuzsanna-Gyori/script.js">
      <metrics statements="61" coveredstatements="45" conditionals="30" coveredconditionals="27" methods="9" coveredmethods="3"/>
      <line num="1" count="1" type="stmt"/>
      <line num="9" count="1" type="stmt"/>
      <line num="10" count="0" type="stmt"/>
      <line num="17" count="1" type="stmt"/>
      <line num="18" count="0" type="stmt"/>
      <line num="40" count="1" type="stmt"/>
      <line num="41" count="0" type="stmt"/>
      <line num="56" count="8" type="stmt"/>
      <line num="69" count="8" type="stmt"/>
      <line num="82" count="8" type="stmt"/>
      <line num="95" count="8" type="stmt"/>
      <line num="96" count="8" type="stmt"/>
      <line num="97" count="8" type="stmt"/>
      <line num="108" count="32" type="stmt"/>
      <line num="112" count="32" type="cond" truecount="1" falsecount="1"/>
      <line num="116" count="32" type="cond" truecount="1" falsecount="1"/>
      <line num="117" count="0" type="stmt"/>
      <line num="118" count="0" type="stmt"/>
      <line num="119" count="0" type="stmt"/>
      <line num="124" count="32" type="cond" truecount="2" falsecount="0"/>
      <line num="125" count="13" type="stmt"/>
      <line num="126" count="58" type="cond" truecount="2" falsecount="0"/>
      <line num="127" count="46" type="stmt"/>
      <line num="128" count="46" type="cond" truecount="2" falsecount="0"/>
      <line num="129" count="14" type="cond" truecount="5" falsecount="0"/>
      <line num="130" count="1" type="stmt"/>
      <line num="132" count="13" type="stmt"/>
      <line num="134" count="32" type="stmt"/>
      <line num="138" count="13" type="stmt"/>
      <line num="139" count="13" type="stmt"/>
      <line num="140" count="13" type="stmt"/>
      <line num="141" count="13" type="stmt"/>
      <line num="142" count="13" type="cond" truecount="2" falsecount="0"/>
      <line num="143" count="11" type="cond" truecount="2" falsecount="0"/>
      <line num="144" count="7" type="stmt"/>
      <line num="146" count="11" type="stmt"/>
      <line num="149" count="13" type="stmt"/>
      <line num="153" count="19" type="cond" truecount="2" falsecount="0"/>
      <line num="154" count="11" type="stmt"/>
      <line num="156" count="8" type="cond" truecount="4" falsecount="0"/>
      <line num="157" count="2" type="stmt"/>
      <line num="159" count="6" type="cond" truecount="1" falsecount="1"/>
      <line num="160" count="6" type="stmt"/>
      <line num="161" count="6" type="stmt"/>
      <line num="163" count="6" type="stmt"/>
      <line num="165" count="6" type="cond" truecount="2" falsecount="0"/>
      <line num="166" count="5" type="stmt"/>
      <line num="168" count="6" type="stmt"/>
      <line num="172" count="8" type="stmt"/>
      <line num="176" count="0" type="stmt"/>
      <line num="178" count="0" type="stmt"/>
      <line num="179" count="0" type="stmt"/>
      <line num="180" count="0" type="stmt"/>
      <line num="182" count="0" type="stmt"/>
      <line num="187" count="0" type="stmt"/>
      <line num="188" count="0" type="stmt"/>
      <line num="198" count="0" type="stmt"/>
      <line num="209" count="0" type="stmt"/>
      <line num="210" count="0" type="stmt"/>
      <line num="213" count="1" type="stmt"/>
      <line num="215" count="1" type="stmt"/>
    </file>
  </project>
</coverage>
