{"/Users/zsuzsannagyori/Desktop/assessment-Zsuzsanna-Gyori/script.js": {"path":"/Users/zsuzsannagyori/Desktop/assessment-Zsuzsanna-Gyori/script.js","statementMap":{"0":{"start":{"line":1,"column":0},"end":{"line":1,"column":13}},"1":{"start":{"line":9,"column":24},"end":{"line":15,"column":1}},"2":{"start":{"line":10,"column":2},"end":{"line":14,"column":6}},"3":{"start":{"line":17,"column":27},"end":{"line":38,"column":1}},"4":{"start":{"line":18,"column":2},"end":{"line":37,"column":6}},"5":{"start":{"line":40,"column":24},"end":{"line":47,"column":1}},"6":{"start":{"line":41,"column":2},"end":{"line":46,"column":6}},"7":{"start":{"line":56,"column":15},"end":{"line":67,"column":3}},"8":{"start":{"line":69,"column":16},"end":{"line":80,"column":3}},"9":{"start":{"line":82,"column":15},"end":{"line":93,"column":3}},"10":{"start":{"line":95,"column":17},"end":{"line":95,"column":74}},"11":{"start":{"line":96,"column":22},"end":{"line":96,"column":48}},"12":{"start":{"line":97,"column":17},"end":{"line":97,"column":41}},"13":{"start":{"line":108,"column":19},"end":{"line":108,"column":21}},"14":{"start":{"line":112,"column":4},"end":{"line":112,"column":36}},"15":{"start":{"line":112,"column":22},"end":{"line":112,"column":36}},"16":{"start":{"line":116,"column":4},"end":{"line":120,"column":5}},"17":{"start":{"line":117,"column":6},"end":{"line":117,"column":27}},"18":{"start":{"line":118,"column":6},"end":{"line":118,"column":55}},"19":{"start":{"line":119,"column":6},"end":{"line":119,"column":30}},"20":{"start":{"line":124,"column":4},"end":{"line":170,"column":5}},"21":{"start":{"line":125,"column":25},"end":{"line":136,"column":8}},"22":{"start":{"line":126,"column":8},"end":{"line":126,"column":47}},"23":{"start":{"line":126,"column":34},"end":{"line":126,"column":47}},"24":{"start":{"line":127,"column":8},"end":{"line":127,"column":53}},"25":{"start":{"line":128,"column":8},"end":{"line":135,"column":9}},"26":{"start":{"line":129,"column":10},"end":{"line":131,"column":11}},"27":{"start":{"line":130,"column":12},"end":{"line":130,"column":25}},"28":{"start":{"line":132,"column":10},"end":{"line":132,"column":22}},"29":{"start":{"line":134,"column":10},"end":{"line":134,"column":23}},"30":{"start":{"line":138,"column":6},"end":{"line":138,"column":54}},"31":{"start":{"line":139,"column":26},"end":{"line":139,"column":44}},"32":{"start":{"line":140,"column":6},"end":{"line":140,"column":53}},"33":{"start":{"line":141,"column":6},"end":{"line":141,"column":31}},"34":{"start":{"line":142,"column":6},"end":{"line":147,"column":7}},"35":{"start":{"line":143,"column":8},"end":{"line":145,"column":9}},"36":{"start":{"line":144,"column":10},"end":{"line":144,"column":29}},"37":{"start":{"line":146,"column":8},"end":{"line":146,"column":45}},"38":{"start":{"line":149,"column":6},"end":{"line":149,"column":30}},"39":{"start":{"line":153,"column":6},"end":{"line":155,"column":7}},"40":{"start":{"line":154,"column":8},"end":{"line":154,"column":28}},"41":{"start":{"line":156,"column":6},"end":{"line":158,"column":7}},"42":{"start":{"line":157,"column":8},"end":{"line":157,"column":34}},"43":{"start":{"line":159,"column":6},"end":{"line":169,"column":7}},"44":{"start":{"line":160,"column":8},"end":{"line":160,"column":45}},"45":{"start":{"line":161,"column":8},"end":{"line":161,"column":48}},"46":{"start":{"line":163,"column":8},"end":{"line":163,"column":38}},"47":{"start":{"line":165,"column":8},"end":{"line":167,"column":9}},"48":{"start":{"line":166,"column":10},"end":{"line":166,"column":42}},"49":{"start":{"line":168,"column":8},"end":{"line":168,"column":32}},"50":{"start":{"line":172,"column":2},"end":{"line":172,"column":27}},"51":{"start":{"line":176,"column":17},"end":{"line":176,"column":50}},"52":{"start":{"line":178,"column":2},"end":{"line":183,"column":3}},"53":{"start":{"line":179,"column":4},"end":{"line":179,"column":43}},"54":{"start":{"line":180,"column":4},"end":{"line":180,"column":48}},"55":{"start":{"line":182,"column":4},"end":{"line":182,"column":35}},"56":{"start":{"line":187,"column":20},"end":{"line":187,"column":58}},"57":{"start":{"line":188,"column":2},"end":{"line":188,"column":23}},"58":{"start":{"line":198,"column":2},"end":{"line":207,"column":6}},"59":{"start":{"line":209,"column":15},"end":{"line":209,"column":25}},"60":{"start":{"line":210,"column":2},"end":{"line":210,"column":65}},"61":{"start":{"line":213,"column":0},"end":{"line":213,"column":43}},"62":{"start":{"line":215,"column":0},"end":{"line":215,"column":26}}},"fnMap":{"0":{"name":"(anonymous_0)","decl":{"start":{"line":9,"column":24},"end":{"line":9,"column":25}},"loc":{"start":{"line":9,"column":41},"end":{"line":15,"column":1}},"line":9},"1":{"name":"(anonymous_1)","decl":{"start":{"line":17,"column":27},"end":{"line":17,"column":28}},"loc":{"start":{"line":17,"column":45},"end":{"line":38,"column":1}},"line":17},"2":{"name":"(anonymous_2)","decl":{"start":{"line":40,"column":24},"end":{"line":40,"column":25}},"loc":{"start":{"line":40,"column":51},"end":{"line":47,"column":1}},"line":40},"3":{"name":"numToStr","decl":{"start":{"line":49,"column":9},"end":{"line":49,"column":17}},"loc":{"start":{"line":49,"column":27},"end":{"line":173,"column":1}},"line":49},"4":{"name":"doTheMath","decl":{"start":{"line":107,"column":11},"end":{"line":107,"column":20}},"loc":{"start":{"line":107,"column":51},"end":{"line":171,"column":3}},"line":107},"5":{"name":"(anonymous_5)","decl":{"start":{"line":125,"column":47},"end":{"line":125,"column":48}},"loc":{"start":{"line":125,"column":66},"end":{"line":136,"column":7}},"line":125},"6":{"name":"converter","decl":{"start":{"line":175,"column":9},"end":{"line":175,"column":18}},"loc":{"start":{"line":175,"column":30},"end":{"line":184,"column":1}},"line":175},"7":{"name":"handleClick","decl":{"start":{"line":186,"column":9},"end":{"line":186,"column":20}},"loc":{"start":{"line":186,"column":23},"end":{"line":189,"column":1}},"line":186},"8":{"name":"loadEvent","decl":{"start":{"line":197,"column":9},"end":{"line":197,"column":18}},"loc":{"start":{"line":197,"column":21},"end":{"line":211,"column":1}},"line":197}},"branchMap":{"0":{"loc":{"start":{"line":107,"column":29},"end":{"line":107,"column":49}},"type":"default-arg","locations":[{"start":{"line":107,"column":47},"end":{"line":107,"column":49}}],"line":107},"1":{"loc":{"start":{"line":112,"column":4},"end":{"line":112,"column":36}},"type":"if","locations":[{"start":{"line":112,"column":4},"end":{"line":112,"column":36}},{"start":{},"end":{}}],"line":112},"2":{"loc":{"start":{"line":116,"column":4},"end":{"line":120,"column":5}},"type":"if","locations":[{"start":{"line":116,"column":4},"end":{"line":120,"column":5}},{"start":{},"end":{}}],"line":116},"3":{"loc":{"start":{"line":124,"column":4},"end":{"line":170,"column":5}},"type":"if","locations":[{"start":{"line":124,"column":4},"end":{"line":170,"column":5}},{"start":{"line":152,"column":11},"end":{"line":170,"column":5}}],"line":124},"4":{"loc":{"start":{"line":126,"column":8},"end":{"line":126,"column":47}},"type":"if","locations":[{"start":{"line":126,"column":8},"end":{"line":126,"column":47}},{"start":{},"end":{}}],"line":126},"5":{"loc":{"start":{"line":128,"column":8},"end":{"line":135,"column":9}},"type":"if","locations":[{"start":{"line":128,"column":8},"end":{"line":135,"column":9}},{"start":{"line":133,"column":15},"end":{"line":135,"column":9}}],"line":128},"6":{"loc":{"start":{"line":129,"column":10},"end":{"line":131,"column":11}},"type":"if","locations":[{"start":{"line":129,"column":10},"end":{"line":131,"column":11}},{"start":{},"end":{}}],"line":129},"7":{"loc":{"start":{"line":129,"column":14},"end":{"line":129,"column":63}},"type":"binary-expr","locations":[{"start":{"line":129,"column":14},"end":{"line":129,"column":29}},{"start":{"line":129,"column":33},"end":{"line":129,"column":46}},{"start":{"line":129,"column":50},"end":{"line":129,"column":63}}],"line":129},"8":{"loc":{"start":{"line":142,"column":6},"end":{"line":147,"column":7}},"type":"if","locations":[{"start":{"line":142,"column":6},"end":{"line":147,"column":7}},{"start":{},"end":{}}],"line":142},"9":{"loc":{"start":{"line":143,"column":8},"end":{"line":145,"column":9}},"type":"if","locations":[{"start":{"line":143,"column":8},"end":{"line":145,"column":9}},{"start":{},"end":{}}],"line":143},"10":{"loc":{"start":{"line":153,"column":6},"end":{"line":155,"column":7}},"type":"if","locations":[{"start":{"line":153,"column":6},"end":{"line":155,"column":7}},{"start":{},"end":{}}],"line":153},"11":{"loc":{"start":{"line":156,"column":6},"end":{"line":158,"column":7}},"type":"if","locations":[{"start":{"line":156,"column":6},"end":{"line":158,"column":7}},{"start":{},"end":{}}],"line":156},"12":{"loc":{"start":{"line":156,"column":10},"end":{"line":156,"column":35}},"type":"binary-expr","locations":[{"start":{"line":156,"column":10},"end":{"line":156,"column":20}},{"start":{"line":156,"column":24},"end":{"line":156,"column":35}}],"line":156},"13":{"loc":{"start":{"line":159,"column":6},"end":{"line":169,"column":7}},"type":"if","locations":[{"start":{"line":159,"column":6},"end":{"line":169,"column":7}},{"start":{},"end":{}}],"line":159},"14":{"loc":{"start":{"line":165,"column":8},"end":{"line":167,"column":9}},"type":"if","locations":[{"start":{"line":165,"column":8},"end":{"line":167,"column":9}},{"start":{},"end":{}}],"line":165}},"s":{"0":1,"1":1,"2":0,"3":1,"4":0,"5":1,"6":0,"7":8,"8":8,"9":8,"10":8,"11":8,"12":8,"13":32,"14":32,"15":0,"16":32,"17":0,"18":0,"19":0,"20":32,"21":13,"22":58,"23":12,"24":46,"25":46,"26":14,"27":1,"28":13,"29":32,"30":13,"31":13,"32":13,"33":13,"34":13,"35":11,"36":7,"37":11,"38":13,"39":19,"40":11,"41":8,"42":2,"43":6,"44":6,"45":6,"46":6,"47":6,"48":5,"49":6,"50":8,"51":0,"52":0,"53":0,"54":0,"55":0,"56":0,"57":0,"58":0,"59":0,"60":0,"61":1,"62":1},"f":{"0":0,"1":0,"2":0,"3":8,"4":32,"5":58,"6":0,"7":0,"8":0},"b":{"0":[19],"1":[0,32],"2":[0,32],"3":[13,19],"4":[12,46],"5":[14,32],"6":[1,13],"7":[14,9,3],"8":[11,2],"9":[7,4],"10":[11,8],"11":[2,6],"12":[8,8],"13":[6,0],"14":[5,1]},"_coverageSchema":"1a1c01bbd47fc00a2c39e90264f33305004495a9","hash":"09417ca122645ea1a5755ebbf235b526ed1d2dd9"}
}
