TN:
SF:script.js
FN:9,(anonymous_0)
FN:17,(anonymous_1)
FN:40,(anonymous_2)
FN:49,numToStr
FN:107,doTheMath
FN:125,(anonymous_5)
FN:175,converter
FN:186,handleClick
FN:197,loadEvent
FNF:9
FNH:3
FNDA:0,(anonymous_0)
FNDA:0,(anonymous_1)
FNDA:0,(anonymous_2)
FNDA:8,numToStr
FNDA:32,doTheMath
FNDA:58,(anonymous_5)
FNDA:0,converter
FNDA:0,handleClick
FNDA:0,loadEvent
DA:1,1
DA:9,1
DA:10,0
DA:17,1
DA:18,0
DA:40,1
DA:41,0
DA:56,8
DA:69,8
DA:82,8
DA:95,8
DA:96,8
DA:97,8
DA:108,32
DA:112,32
DA:116,32
DA:117,0
DA:118,0
DA:119,0
DA:124,32
DA:125,13
DA:126,58
DA:127,46
DA:128,46
DA:129,14
DA:130,1
DA:132,13
DA:134,32
DA:138,13
DA:139,13
DA:140,13
DA:141,13
DA:142,13
DA:143,11
DA:144,7
DA:146,11
DA:149,13
DA:153,19
DA:154,11
DA:156,8
DA:157,2
DA:159,6
DA:160,6
DA:161,6
DA:163,6
DA:165,6
DA:166,5
DA:168,6
DA:172,8
DA:176,0
DA:178,0
DA:179,0
DA:180,0
DA:182,0
DA:187,0
DA:188,0
DA:198,0
DA:209,0
DA:210,0
DA:213,1
DA:215,1
LF:61
LH:45
BRDA:107,0,0,19
BRDA:112,1,0,0
BRDA:112,1,1,32
BRDA:116,2,0,0
BRDA:116,2,1,32
BRDA:124,3,0,13
BRDA:124,3,1,19
BRDA:126,4,0,12
BRDA:126,4,1,46
BRDA:128,5,0,14
BRDA:128,5,1,32
BRDA:129,6,0,1
BRDA:129,6,1,13
BRDA:129,7,0,14
BRDA:129,7,1,9
BRDA:129,7,2,3
BRDA:142,8,0,11
BRDA:142,8,1,2
BRDA:143,9,0,7
BRDA:143,9,1,4
BRDA:153,10,0,11
BRDA:153,10,1,8
BRDA:156,11,0,2
BRDA:156,11,1,6
BRDA:156,12,0,8
BRDA:156,12,1,8
BRDA:159,13,0,6
BRDA:159,13,1,0
BRDA:165,14,0,5
BRDA:165,14,1,1
BRF:30
BRH:27
end_of_record
